<?xml version="1.0" encoding="UTF-8"?>
<!-- Generated by org.testng.reporters.JUnitReportReporter -->
<testsuite hostname="Dev" name="blueocean.integration.TestSample" tests="1" failures="0" timestamp="12 May 2017 23:29:17 GMT" time="15.549" errors="0">
  <testcase name="blueOceanGit" time="15.549" classname="blueocean.integration.TestSample"/>
</testsuite> <!-- blueocean.integration.TestSample -->
